2020-06-26 17:13:33,690 | INFO - YTGrabber started working.
2020-06-26 17:13:42,421 | INFO - YTGrabber finished working.
2020-06-26 17:13:42,495 | INFO - Downloaded: https://www.youtube.com/watch?v=odieJp4QDxw&list=PLyIFQr1wryPIw7xkMZH_HXmkQbXhZyOMJ&index=2&t=0s
2020-06-26 17:13:42,495 | INFO - Downloaded: https://www.youtube.com/watch?v=HP569Ugein0&list=PLyIFQr1wryPIw7xkMZH_HXmkQbXhZyOMJ&index=3&t=0s
2020-06-26 17:13:42,495 | INFO - Downloaded: https://www.youtube.com/watch?v=YIArHoMf_XA&list=PLyIFQr1wryPIw7xkMZH_HXmkQbXhZyOMJ&index=4&t=0s
2020-06-26 17:13:42,495 | INFO - Downloaded: https://www.youtube.com/watch?v=XGmeq2E4LLQ&list=PLyIFQr1wryPIw7xkMZH_HXmkQbXhZyOMJ&index=5&t=0s
2020-06-26 17:13:42,496 | INFO - Downloaded: https://www.youtube.com/watch?v=dmPwDLrO0EE&list=PLyIFQr1wryPIw7xkMZH_HXmkQbXhZyOMJ&index=6&t=0s
2020-06-26 17:13:42,496 | INFO - Downloaded: https://www.youtube.com/watch?v=V5w0FxbLlKw&list=PLyIFQr1wryPIw7xkMZH_HXmkQbXhZyOMJ&index=7&t=0s
2020-06-26 17:13:42,496 | INFO - Downloaded: https://www.youtube.com/watch?v=BZBlyhxgI8Y&list=PLyIFQr1wryPIw7xkMZH_HXmkQbXhZyOMJ&index=8&t=0s
2020-06-26 17:13:42,497 | INFO - Start download: https://www.youtube.com/watch?v=MLc6JevFlxg&list=PLyIFQr1wryPIw7xkMZH_HXmkQbXhZyOMJ&index=9&t=0s
2020-06-26 17:13:52,081 | INFO - init started
2020-06-26 17:13:52,289 | INFO - init finished successfully
2020-06-26 17:14:00,090 | INFO - Download complete: https://www.youtube.com/watch?v=MLc6JevFlxg&list=PLyIFQr1wryPIw7xkMZH_HXmkQbXhZyOMJ&index=9&t=0s
2020-06-26 17:14:00,090 | INFO - Start download: https://www.youtube.com/watch?v=dGQCc9ReCjo&list=PLyIFQr1wryPIw7xkMZH_HXmkQbXhZyOMJ&index=10&t=0s
2020-06-26 17:14:05,866 | INFO - init started
2020-06-26 17:14:06,111 | INFO - init finished successfully
2020-06-26 17:14:15,557 | INFO - Download complete: https://www.youtube.com/watch?v=dGQCc9ReCjo&list=PLyIFQr1wryPIw7xkMZH_HXmkQbXhZyOMJ&index=10&t=0s
2020-06-26 17:14:15,557 | INFO - Start download: https://www.youtube.com/watch?v=R__vhP853Hg&list=PLyIFQr1wryPIw7xkMZH_HXmkQbXhZyOMJ&index=11&t=0s
2020-06-26 17:14:34,774 | INFO - init started
2020-06-26 17:14:34,963 | INFO - init finished successfully
2020-06-26 17:14:51,367 | INFO - Download complete: https://www.youtube.com/watch?v=R__vhP853Hg&list=PLyIFQr1wryPIw7xkMZH_HXmkQbXhZyOMJ&index=11&t=0s
2020-06-26 17:14:51,367 | INFO - Start download: https://www.youtube.com/watch?v=oWSmPs1uWoI&list=PLyIFQr1wryPIw7xkMZH_HXmkQbXhZyOMJ&index=12&t=0s
2020-06-26 17:15:01,142 | INFO - init started
2020-06-26 17:15:01,359 | INFO - init finished successfully
2020-06-26 17:15:10,981 | INFO - Download complete: https://www.youtube.com/watch?v=oWSmPs1uWoI&list=PLyIFQr1wryPIw7xkMZH_HXmkQbXhZyOMJ&index=12&t=0s
2020-06-26 17:15:10,981 | INFO - Start download: https://www.youtube.com/watch?v=YL_uyvISxpQ&list=PLyIFQr1wryPIw7xkMZH_HXmkQbXhZyOMJ&index=13&t=0s
2020-06-26 17:15:16,639 | INFO - init started
2020-06-26 17:15:16,825 | INFO - init finished successfully
2020-06-26 17:15:25,406 | INFO - Download complete: https://www.youtube.com/watch?v=YL_uyvISxpQ&list=PLyIFQr1wryPIw7xkMZH_HXmkQbXhZyOMJ&index=13&t=0s
2020-06-26 17:15:25,406 | INFO - Start download: https://www.youtube.com/watch?v=pTMqGnypD9s&list=PLyIFQr1wryPIw7xkMZH_HXmkQbXhZyOMJ&index=14&t=0s
2020-06-26 17:15:45,438 | INFO - init started
2020-06-26 17:15:45,624 | INFO - init finished successfully
2020-06-26 17:15:48,699 | INFO - Download complete: https://www.youtube.com/watch?v=pTMqGnypD9s&list=PLyIFQr1wryPIw7xkMZH_HXmkQbXhZyOMJ&index=14&t=0s
2020-06-26 17:15:48,699 | INFO - YTDownloader work complete.
2020-06-26 17:15:48,700 | INFO - Started converting file 'airglow-s-a-m.webm'.
2020-06-26 17:15:57,421 | INFO - Finished converting file 'airglow-s-a-m.webm'.
2020-06-26 17:15:57,421 | INFO - Started converting file 'compilerbau-neon-drive-84.webm'.
2020-06-26 17:16:09,245 | INFO - Finished converting file 'compilerbau-neon-drive-84.webm'.
2020-06-26 17:16:09,245 | INFO - Started converting file 'dance-with-the-dead-the-entity.webm'.
2020-06-26 17:16:16,268 | INFO - Finished converting file 'dance-with-the-dead-the-entity.webm'.
2020-06-26 17:16:16,269 | INFO - Started converting file 'daniel-deluxe-hero-of-orion.webm'.
2020-06-26 17:16:25,527 | INFO - Finished converting file 'daniel-deluxe-hero-of-orion.webm'.
2020-06-26 17:16:25,528 | INFO - Started converting file 'highway-superstar-skylines.webm'.
2020-06-26 17:16:36,495 | INFO - Finished converting file 'highway-superstar-skylines.webm'.
2020-06-26 17:16:36,495 | INFO - Started converting file 'miami-night-1984-reflex-training.webm'.
2020-06-26 17:16:41,892 | INFO - Finished converting file 'miami-night-1984-reflex-training.webm'.
2020-06-26 17:16:41,892 | INFO - Started converting file 'ogre-the-bench.webm'.
2020-06-26 17:16:49,575 | INFO - Finished converting file 'ogre-the-bench.webm'.
2020-06-26 17:16:49,576 | INFO - Started converting file 'power-glove-telecom.webm'.
2020-06-26 17:16:52,442 | INFO - Finished converting file 'power-glove-telecom.webm'.
2020-06-26 17:16:52,443 | INFO - Started converting file 'sellorekt-la-dreams-sweat.webm'.
2020-06-26 17:16:58,686 | INFO - Finished converting file 'sellorekt-la-dreams-sweat.webm'.
2020-06-26 17:16:58,687 | INFO - Started converting file 'sunglasses-kid-knockout-feat-phaserland.webm'.
2020-06-26 17:17:05,627 | INFO - Finished converting file 'sunglasses-kid-knockout-feat-phaserland.webm'.
2020-06-26 17:17:05,627 | INFO - Started converting file 'timecop1983-waiting-for-you.webm'.
2020-06-26 17:17:14,817 | INFO - Finished converting file 'timecop1983-waiting-for-you.webm'.
2020-06-26 17:17:14,818 | INFO - Started converting file 'tokyo-rose-tokyo-burnout.webm'.
2020-06-26 17:17:24,748 | INFO - Finished converting file 'tokyo-rose-tokyo-burnout.webm'.
2020-06-26 17:17:24,749 | INFO - Started converting file 'trevor-something-your-sex-is-a-dream.webm'.
2020-06-26 17:17:34,641 | INFO - Finished converting file 'trevor-something-your-sex-is-a-dream.webm'.
